**********************************************************************
** Visual Studio 2026 Developer Command Prompt v18.6.2
** Copyright (c) 2026 Microsoft Corporation
**********************************************************************
build.bat : Microsoft (R) C/C++ Optimizing Compiler Version 19.51.36246 for x86
위치 줄:31 문자:9
+         & .\build.bat *>&1 | Out-File -Encoding utf8 logs/build_attem ...
+         ~~~~~~~~~~~~~~~~~~
    + CategoryInfo          : NotSpecified: (Microsoft (R) C...1.36246 for x86:String) [], RemoteException
    + FullyQualifiedErrorId : NativeCommandError
 
Copyright (c) Microsoft Corporation. All rights reserved.

main.cpp
Lexer.cpp
src/Lexer.cpp(90): warning C4010: 한 줄로 된 주석에 줄 연속 문자가 있습니다.
Parser.cpp
Interpreter.cpp
코드를 생성하고 있습니다...
Microsoft (R) Incremental Linker Version 14.51.36246.0
Copyright (C) Microsoft Corporation.  All rights reserved.

/out:flux_interpreter.exe 
main.obj 
Lexer.obj 
Parser.obj 
Interpreter.obj 
